# JRE version: OpenJDK Runtime Environment (8.0_252-b09) (build 1.8.0_252-8u252-b09-1~18.04-b09)
# Java VM: OpenJDK 64-Bit Server VM (25.252-b09 mixed mode linux-amd64 compressed oops)
Heap:
 PSYoungGen      total 433664K, used 91390K [0x00000000d7100000, 0x0000000100000000, 0x0000000100000000)
  eden space 252928K, 0% used [0x00000000d7100000,0x00000000d7100000,0x00000000e6800000)
  from space 180736K, 50% used [0x00000000f4f80000,0x00000000fa8bf990,0x0000000100000000)
  to   space 208896K, 0% used [0x00000000e6800000,0x00000000e6800000,0x00000000f3400000)
 ParOldGen       total 586240K, used 585846K [0x0000000085200000, 0x00000000a8e80000, 0x00000000d7100000)
  object space 586240K, 99% used [0x0000000085200000,0x00000000a8e1da80,0x00000000a8e80000)
 Metaspace       used 63406K, capacity 64840K, committed 65152K, reserved 1105920K
  class space    used 7597K, capacity 8002K, committed 8064K, reserved 1048576K
GC Heap History (10 events):
Event: 159.250 GC heap after
Heap after GC invocations=27 (full 4):
 PSYoungGen      total 414720K, used 97813K [0x00000000d7100000, 0x0000000100000000, 0x0000000100000000)
  eden space 316416K, 0% used [0x00000000d7100000,0x00000000d7100000,0x00000000ea600000)
  from space 98304K, 99% used [0x00000000ea600000,0x00000000f0585700,0x00000000f0600000)
  to   space 178688K, 0% used [0x00000000f5180000,0x00000000f5180000,0x0000000100000000)
 ParOldGen       total 378880K, used 291786K [0x0000000085200000, 0x000000009c400000, 0x00000000d7100000)
  object space 378880K, 77% used [0x0000000085200000,0x0000000096ef28a8,0x000000009c400000)
 Metaspace       used 63406K, capacity 64840K, committed 65152K, reserved 1105920K
  class space    used 7597K, capacity 8002K, committed 8064K, reserved 1048576K
}
Event: 159.250 GC heap before
{Heap before GC invocations=28 (full 5):
 PSYoungGen      total 414720K, used 97813K [0x00000000d7100000, 0x0000000100000000, 0x0000000100000000)
  eden space 316416K, 0% used [0x00000000d7100000,0x00000000d7100000,0x00000000ea600000)
  from space 98304K, 99% used [0x00000000ea600000,0x00000000f0585700,0x00000000f0600000)
  to   space 178688K, 0% used [0x00000000f5180000,0x00000000f5180000,0x0000000100000000)
 ParOldGen       total 378880K, used 291786K [0x0000000085200000, 0x000000009c400000, 0x00000000d7100000)
  object space 378880K, 77% used [0x0000000085200000,0x0000000096ef28a8,0x000000009c400000)
 Metaspace       used 63406K, capacity 64840K, committed 65152K, reserved 1105920K
  class space    used 7597K, capacity 8002K, committed 8064K, reserved 1048576K
Event: 160.651 GC heap after
Heap after GC invocations=28 (full 5):
 PSYoungGen      total 414720K, used 8647K [0x00000000d7100000, 0x0000000100000000, 0x0000000100000000)
  eden space 316416K, 0% used [0x00000000d7100000,0x00000000d7100000,0x00000000ea600000)
  from space 98304K, 8% used [0x00000000ea600000,0x00000000eae71d70,0x00000000f0600000)
  to   space 178688K, 0% used [0x00000000f5180000,0x00000000f5180000,0x0000000100000000)
 ParOldGen       total 577024K, used 378382K [0x0000000085200000, 0x00000000a8580000, 0x00000000d7100000)
  object space 577024K, 65% used [0x0000000085200000,0x000000009c383820,0x00000000a8580000)
 Metaspace       used 63406K, capacity 64840K, committed 65152K, reserved 1105920K
  class space    used 7597K, capacity 8002K, committed 8064K, reserved 1048576K
}
Event: 161.460 GC heap before
{Heap before GC invocations=29 (full 5):
 PSYoungGen      total 414720K, used 325063K [0x00000000d7100000, 0x0000000100000000, 0x0000000100000000)
  eden space 316416K, 100% used [0x00000000d7100000,0x00000000ea600000,0x00000000ea600000)
  from space 98304K, 8% used [0x00000000ea600000,0x00000000eae71d70,0x00000000f0600000)
  to   space 178688K, 0% used [0x00000000f5180000,0x00000000f5180000,0x0000000100000000)
 ParOldGen       total 577024K, used 378382K [0x0000000085200000, 0x00000000a8580000, 0x00000000d7100000)
  object space 577024K, 65% used [0x0000000085200000,0x000000009c383820,0x00000000a8580000)
 Metaspace       used 63406K, capacity 64840K, committed 65152K, reserved 1105920K
  class space    used 7597K, capacity 8002K, committed 8064K, reserved 1048576K
Event: 161.625 GC heap after
Heap after GC invocations=29 (full 5):
 PSYoungGen      total 487936K, used 101894K [0x00000000d7100000, 0x0000000100000000, 0x0000000100000000)
  eden space 309248K, 0% used [0x00000000d7100000,0x00000000d7100000,0x00000000e9f00000)
  from space 178688K, 57% used [0x00000000f5180000,0x00000000fb501b90,0x0000000100000000)
  to   space 180736K, 0% used [0x00000000e9f00000,0x00000000e9f00000,0x00000000f4f80000)
 ParOldGen       total 577024K, used 387094K [0x0000000085200000, 0x00000000a8580000, 0x00000000d7100000)
  object space 577024K, 67% used [0x0000000085200000,0x000000009cc05820,0x00000000a8580000)
 Metaspace       used 63406K, capacity 64840K, committed 65152K, reserved 1105920K
  class space    used 7597K, capacity 8002K, committed 8064K, reserved 1048576K
}
Event: 162.448 GC heap before
{Heap before GC invocations=30 (full 5):
 PSYoungGen      total 487936K, used 411142K [0x00000000d7100000, 0x0000000100000000, 0x0000000100000000)
  eden space 309248K, 100% used [0x00000000d7100000,0x00000000e9f00000,0x00000000e9f00000)
  from space 178688K, 57% used [0x00000000f5180000,0x00000000fb501b90,0x0000000100000000)
  to   space 180736K, 0% used [0x00000000e9f00000,0x00000000e9f00000,0x00000000f4f80000)
 ParOldGen       total 577024K, used 387094K [0x0000000085200000, 0x00000000a8580000, 0x00000000d7100000)
  object space 577024K, 67% used [0x0000000085200000,0x000000009cc05820,0x00000000a8580000)
 Metaspace       used 63406K, capacity 64840K, committed 65152K, reserved 1105920K
  class space    used 7597K, capacity 8002K, committed 8064K, reserved 1048576K
Event: 162.644 GC heap after
Heap after GC invocations=30 (full 5):
 PSYoungGen      total 489984K, used 180707K [0x00000000d7100000, 0x0000000100000000, 0x0000000100000000)
  eden space 309248K, 0% used [0x00000000d7100000,0x00000000d7100000,0x00000000e9f00000)
  from space 180736K, 99% used [0x00000000e9f00000,0x00000000f4f78dd8,0x00000000f4f80000)
  to   space 180736K, 0% used [0x00000000f4f80000,0x00000000f4f80000,0x0000000100000000)
 ParOldGen       total 577024K, used 404622K [0x0000000085200000, 0x00000000a8580000, 0x00000000d7100000)
  object space 577024K, 70% used [0x0000000085200000,0x000000009dd23820,0x00000000a8580000)
 Metaspace       used 63406K, capacity 64840K, committed 65152K, reserved 1105920K
  class space    used 7597K, capacity 8002K, committed 8064K, reserved 1048576K
}
Event: 163.652 GC heap before
{Heap before GC invocations=31 (full 5):
 PSYoungGen      total 489984K, used 489955K [0x00000000d7100000, 0x0000000100000000, 0x0000000100000000)
  eden space 309248K, 100% used [0x00000000d7100000,0x00000000e9f00000,0x00000000e9f00000)
  from space 180736K, 99% used [0x00000000e9f00000,0x00000000f4f78dd8,0x00000000f4f80000)
  to   space 180736K, 0% used [0x00000000f4f80000,0x00000000f4f80000,0x0000000100000000)
 ParOldGen       total 577024K, used 404622K [0x0000000085200000, 0x00000000a8580000, 0x00000000d7100000)
  object space 577024K, 70% used [0x0000000085200000,0x000000009dd23820,0x00000000a8580000)
 Metaspace       used 63406K, capacity 64840K, committed 65152K, reserved 1105920K
  class space    used 7597K, capacity 8002K, committed 8064K, reserved 1048576K
Event: 164.481 GC heap after
Heap after GC invocations=31 (full 5):
 PSYoungGen      total 433664K, used 96211K [0x00000000d7100000, 0x0000000100000000, 0x0000000100000000)
  eden space 252928K, 0% used [0x00000000d7100000,0x00000000d7100000,0x00000000e6800000)
  from space 180736K, 53% used [0x00000000f4f80000,0x00000000fad74f00,0x0000000100000000)
  to   space 208896K, 0% used [0x00000000e6800000,0x00000000e6800000,0x00000000f3400000)
 ParOldGen       total 586240K, used 585553K [0x0000000085200000, 0x00000000a8e80000, 0x00000000d7100000)
  object space 586240K, 99% used [0x0000000085200000,0x00000000a8dd47b8,0x00000000a8e80000)
 Metaspace       used 63406K, capacity 64840K, committed 65152K, reserved 1105920K
  class space    used 7597K, capacity 8002K, committed 8064K, reserved 1048576K
}
Event: 164.483 GC heap before
{Heap before GC invocations=32 (full 6):
 PSYoungGen      total 433664K, used 96211K [0x00000000d7100000, 0x0000000100000000, 0x0000000100000000)
  eden space 252928K, 0% used [0x00000000d7100000,0x00000000d7100000,0x00000000e6800000)
  from space 180736K, 53% used [0x00000000f4f80000,0x00000000fad74f00,0x0000000100000000)
  to   space 208896K, 0% used [0x00000000e6800000,0x00000000e6800000,0x00000000f3400000)
 ParOldGen       total 586240K, used 585553K [0x0000000085200000, 0x00000000a8e80000, 0x00000000d7100000)
  object space 586240K, 99% used [0x0000000085200000,0x00000000a8dd47b8,0x00000000a8e80000)
 Metaspace       used 63406K, capacity 64840K, committed 65152K, reserved 1105920K
  class space    used 7597K, capacity 8002K, committed 8064K, reserved 1048576K

