# JRE version: OpenJDK Runtime Environment (8.0_252-b09) (build 1.8.0_252-8u252-b09-1~18.04-b09)
# Java VM: OpenJDK 64-Bit Server VM (25.252-b09 mixed mode linux-amd64 compressed oops)
Heap:
 PSYoungGen      total 588800K, used 377505K [0x00000000d7100000, 0x00000000ffe00000, 0x0000000100000000)
  eden space 508928K, 74% used [0x00000000d7100000,0x00000000ee1944b0,0x00000000f6200000)
  from space 79872K, 0% used [0x00000000f6200000,0x00000000f6214010,0x00000000fb000000)
  to   space 78336K, 0% used [0x00000000fb180000,0x00000000fb180000,0x00000000ffe00000)
 ParOldGen       total 588800K, used 314575K [0x0000000085200000, 0x00000000a9100000, 0x00000000d7100000)
  object space 588800K, 53% used [0x0000000085200000,0x0000000098533fa0,0x00000000a9100000)
 Metaspace       used 67745K, capacity 69114K, committed 69888K, reserved 1110016K
  class space    used 7962K, capacity 8327K, committed 8448K, reserved 1048576K
GC Heap History (10 events):
Event: 13476.839 GC heap before
{Heap before GC invocations=23 (full 3):
 PSYoungGen      total 593920K, used 533450K [0x00000000d7100000, 0x00000000fff80000, 0x0000000100000000)
  eden space 522240K, 100% used [0x00000000d7100000,0x00000000f6f00000,0x00000000f6f00000)
  from space 71680K, 15% used [0x00000000f6f00000,0x00000000f79f2a20,0x00000000fb500000)
  to   space 70144K, 0% used [0x00000000fbb00000,0x00000000fbb00000,0x00000000fff80000)
 ParOldGen       total 190464K, used 60056K [0x0000000085200000, 0x0000000090c00000, 0x00000000d7100000)
  object space 190464K, 31% used [0x0000000085200000,0x0000000088ca6018,0x0000000090c00000)
 Metaspace       used 68021K, capacity 69640K, committed 69888K, reserved 1110016K
  class space    used 8011K, capacity 8418K, committed 8448K, reserved 1048576K
Event: 13477.168 GC heap after
Heap after GC invocations=23 (full 3):
 PSYoungGen      total 579072K, used 66959K [0x00000000d7100000, 0x0000000100000000, 0x0000000100000000)
  eden space 508928K, 0% used [0x00000000d7100000,0x00000000d7100000,0x00000000f6200000)
  from space 70144K, 95% used [0x00000000fbb00000,0x00000000ffc63c10,0x00000000fff80000)
  to   space 80896K, 0% used [0x00000000f6200000,0x00000000f6200000,0x00000000fb100000)
 ParOldGen       total 190464K, used 60056K [0x0000000085200000, 0x0000000090c00000, 0x00000000d7100000)
  object space 190464K, 31% used [0x0000000085200000,0x0000000088ca6018,0x0000000090c00000)
 Metaspace       used 68021K, capacity 69640K, committed 69888K, reserved 1110016K
  class space    used 8011K, capacity 8418K, committed 8448K, reserved 1048576K
}
Event: 13482.503 GC heap before
{Heap before GC invocations=24 (full 3):
 PSYoungGen      total 579072K, used 575887K [0x00000000d7100000, 0x0000000100000000, 0x0000000100000000)
  eden space 508928K, 100% used [0x00000000d7100000,0x00000000f6200000,0x00000000f6200000)
  from space 70144K, 95% used [0x00000000fbb00000,0x00000000ffc63c10,0x00000000fff80000)
  to   space 80896K, 0% used [0x00000000f6200000,0x00000000f6200000,0x00000000fb100000)
 ParOldGen       total 190464K, used 60056K [0x0000000085200000, 0x0000000090c00000, 0x00000000d7100000)
  object space 190464K, 31% used [0x0000000085200000,0x0000000088ca6018,0x0000000090c00000)
 Metaspace       used 68021K, capacity 69640K, committed 69888K, reserved 1110016K
  class space    used 8011K, capacity 8418K, committed 8448K, reserved 1048576K
Event: 13482.978 GC heap after
Heap after GC invocations=24 (full 3):
 PSYoungGen      total 589824K, used 1043K [0x00000000d7100000, 0x0000000100000000, 0x0000000100000000)
  eden space 508928K, 0% used [0x00000000d7100000,0x00000000d7100000,0x00000000f6200000)
  from space 80896K, 1% used [0x00000000f6200000,0x00000000f6304fb0,0x00000000fb100000)
  to   space 80896K, 0% used [0x00000000fb100000,0x00000000fb100000,0x0000000100000000)
 ParOldGen       total 322048K, used 191128K [0x0000000085200000, 0x0000000098c80000, 0x00000000d7100000)
  object space 322048K, 59% used [0x0000000085200000,0x0000000090ca6028,0x0000000098c80000)
 Metaspace       used 68021K, capacity 69640K, committed 69888K, reserved 1110016K
  class space    used 8011K, capacity 8418K, committed 8448K, reserved 1048576K
}
Event: 13486.285 GC heap before
{Heap before GC invocations=25 (full 3):
 PSYoungGen      total 589824K, used 509971K [0x00000000d7100000, 0x0000000100000000, 0x0000000100000000)
  eden space 508928K, 100% used [0x00000000d7100000,0x00000000f6200000,0x00000000f6200000)
  from space 80896K, 1% used [0x00000000f6200000,0x00000000f6304fb0,0x00000000fb100000)
  to   space 80896K, 0% used [0x00000000fb100000,0x00000000fb100000,0x0000000100000000)
 ParOldGen       total 322048K, used 191128K [0x0000000085200000, 0x0000000098c80000, 0x00000000d7100000)
  object space 322048K, 59% used [0x0000000085200000,0x0000000090ca6028,0x0000000098c80000)
 Metaspace       used 68022K, capacity 69640K, committed 69888K, reserved 1110016K
  class space    used 8011K, capacity 8418K, committed 8448K, reserved 1048576K
Event: 13487.140 GC heap after
Heap after GC invocations=25 (full 3):
 PSYoungGen      total 587776K, used 446K [0x00000000d7100000, 0x00000000ffe00000, 0x0000000100000000)
  eden space 508928K, 0% used [0x00000000d7100000,0x00000000d7100000,0x00000000f6200000)
  from space 78848K, 0% used [0x00000000fb100000,0x00000000fb16f9e0,0x00000000ffe00000)
  to   space 79872K, 0% used [0x00000000f6200000,0x00000000f6200000,0x00000000fb000000)
 ParOldGen       total 584704K, used 453876K [0x0000000085200000, 0x00000000a8d00000, 0x00000000d7100000)
  object space 584704K, 77% used [0x0000000085200000,0x00000000a0d3d2a0,0x00000000a8d00000)
 Metaspace       used 68022K, capacity 69640K, committed 69888K, reserved 1110016K
  class space    used 8011K, capacity 8418K, committed 8448K, reserved 1048576K
}
Event: 13487.141 GC heap before
{Heap before GC invocations=26 (full 4):
 PSYoungGen      total 587776K, used 446K [0x00000000d7100000, 0x00000000ffe00000, 0x0000000100000000)
  eden space 508928K, 0% used [0x00000000d7100000,0x00000000d7100000,0x00000000f6200000)
  from space 78848K, 0% used [0x00000000fb100000,0x00000000fb16f9e0,0x00000000ffe00000)
  to   space 79872K, 0% used [0x00000000f6200000,0x00000000f6200000,0x00000000fb000000)
 ParOldGen       total 584704K, used 453876K [0x0000000085200000, 0x00000000a8d00000, 0x00000000d7100000)
  object space 584704K, 77% used [0x0000000085200000,0x00000000a0d3d2a0,0x00000000a8d00000)
 Metaspace       used 68022K, capacity 69640K, committed 69888K, reserved 1110016K
  class space    used 8011K, capacity 8418K, committed 8448K, reserved 1048576K
Event: 13487.538 GC heap after
Heap after GC invocations=26 (full 4):
 PSYoungGen      total 587776K, used 0K [0x00000000d7100000, 0x00000000ffe00000, 0x0000000100000000)
  eden space 508928K, 0% used [0x00000000d7100000,0x00000000d7100000,0x00000000f6200000)
  from space 78848K, 0% used [0x00000000fb100000,0x00000000fb100000,0x00000000ffe00000)
  to   space 79872K, 0% used [0x00000000f6200000,0x00000000f6200000,0x00000000fb000000)
 ParOldGen       total 588800K, used 314575K [0x0000000085200000, 0x00000000a9100000, 0x00000000d7100000)
  object space 588800K, 53% used [0x0000000085200000,0x0000000098533fa0,0x00000000a9100000)
 Metaspace       used 67745K, capacity 69114K, committed 69888K, reserved 1110016K
  class space    used 7962K, capacity 8327K, committed 8448K, reserved 1048576K
}
Event: 13494.334 GC heap before
{Heap before GC invocations=27 (full 4):
 PSYoungGen      total 587776K, used 508928K [0x00000000d7100000, 0x00000000ffe00000, 0x0000000100000000)
  eden space 508928K, 100% used [0x00000000d7100000,0x00000000f6200000,0x00000000f6200000)
  from space 78848K, 0% used [0x00000000fb100000,0x00000000fb100000,0x00000000ffe00000)
  to   space 79872K, 0% used [0x00000000f6200000,0x00000000f6200000,0x00000000fb000000)
 ParOldGen       total 588800K, used 314575K [0x0000000085200000, 0x00000000a9100000, 0x00000000d7100000)
  object space 588800K, 53% used [0x0000000085200000,0x0000000098533fa0,0x00000000a9100000)
 Metaspace       used 67745K, capacity 69114K, committed 69888K, reserved 1110016K
  class space    used 7962K, capacity 8327K, committed 8448K, reserved 1048576K
Event: 13494.350 GC heap after
Heap after GC invocations=27 (full 4):
 PSYoungGen      total 588800K, used 80K [0x00000000d7100000, 0x00000000ffe00000, 0x0000000100000000)
  eden space 508928K, 0% used [0x00000000d7100000,0x00000000d7100000,0x00000000f6200000)
  from space 79872K, 0% used [0x00000000f6200000,0x00000000f6214010,0x00000000fb000000)
  to   space 78336K, 0% used [0x00000000fb180000,0x00000000fb180000,0x00000000ffe00000)
 ParOldGen       total 588800K, used 314575K [0x0000000085200000, 0x00000000a9100000, 0x00000000d7100000)
  object space 588800K, 53% used [0x0000000085200000,0x0000000098533fa0,0x00000000a9100000)
 Metaspace       used 67745K, capacity 69114K, committed 69888K, reserved 1110016K
  class space    used 7962K, capacity 8327K, committed 8448K, reserved 1048576K
}

