# JRE version: OpenJDK Runtime Environment (8.0_252-b09) (build 1.8.0_252-8u252-b09-1~18.04-b09)
# Java VM: OpenJDK 64-Bit Server VM (25.252-b09 mixed mode linux-amd64 compressed oops)
Heap:
 PSYoungGen      total 418304K, used 139459K [0x00000000d7100000, 0x0000000100000000, 0x0000000100000000)
  eden space 224256K, 0% used [0x00000000d7100000,0x00000000d7100000,0x00000000e4c00000)
  from space 194048K, 71% used [0x00000000f4280000,0x00000000fcab0f70,0x0000000100000000)
  to   space 223232K, 0% used [0x00000000e4c00000,0x00000000e4c00000,0x00000000f2600000)
 ParOldGen       total 400896K, used 400499K [0x0000000085200000, 0x000000009d980000, 0x00000000d7100000)
  object space 400896K, 99% used [0x0000000085200000,0x000000009d91cdf0,0x000000009d980000)
 Metaspace       used 68569K, capacity 69794K, committed 70360K, reserved 1112064K
  class space    used 7988K, capacity 8349K, committed 8448K, reserved 1048576K
GC Heap History (10 events):
Event: 27799.497 GC heap after
Heap after GC invocations=45 (full 4):
 PSYoungGen      total 500224K, used 131552K [0x00000000d7100000, 0x0000000100000000, 0x0000000100000000)
  eden space 368640K, 0% used [0x00000000d7100000,0x00000000d7100000,0x00000000ed900000)
  from space 131584K, 99% used [0x00000000ed900000,0x00000000f5978058,0x00000000f5980000)
  to   space 170496K, 0% used [0x00000000f5980000,0x00000000f5980000,0x0000000100000000)
 ParOldGen       total 251392K, used 250918K [0x0000000085200000, 0x0000000094780000, 0x00000000d7100000)
  object space 251392K, 99% used [0x0000000085200000,0x0000000094709a10,0x0000000094780000)
 Metaspace       used 68830K, capacity 70290K, committed 70360K, reserved 1112064K
  class space    used 8035K, capacity 8435K, committed 8448K, reserved 1048576K
}
Event: 27799.497 GC heap before
{Heap before GC invocations=46 (full 5):
 PSYoungGen      total 500224K, used 131552K [0x00000000d7100000, 0x0000000100000000, 0x0000000100000000)
  eden space 368640K, 0% used [0x00000000d7100000,0x00000000d7100000,0x00000000ed900000)
  from space 131584K, 99% used [0x00000000ed900000,0x00000000f5978058,0x00000000f5980000)
  to   space 170496K, 0% used [0x00000000f5980000,0x00000000f5980000,0x0000000100000000)
 ParOldGen       total 251392K, used 250918K [0x0000000085200000, 0x0000000094780000, 0x00000000d7100000)
  object space 251392K, 99% used [0x0000000085200000,0x0000000094709a10,0x0000000094780000)
 Metaspace       used 68830K, capacity 70290K, committed 70360K, reserved 1112064K
  class space    used 8035K, capacity 8435K, committed 8448K, reserved 1048576K
Event: 27801.346 GC heap after
Heap after GC invocations=46 (full 5):
 PSYoungGen      total 500224K, used 21424K [0x00000000d7100000, 0x0000000100000000, 0x0000000100000000)
  eden space 368640K, 0% used [0x00000000d7100000,0x00000000d7100000,0x00000000ed900000)
  from space 131584K, 16% used [0x00000000ed900000,0x00000000eedec348,0x00000000f5980000)
  to   space 170496K, 0% used [0x00000000f5980000,0x00000000f5980000,0x0000000100000000)
 ParOldGen       total 400896K, used 251330K [0x0000000085200000, 0x000000009d980000, 0x00000000d7100000)
  object space 400896K, 62% used [0x0000000085200000,0x0000000094770830,0x000000009d980000)
 Metaspace       used 68569K, capacity 69794K, committed 70360K, reserved 1112064K
  class space    used 7988K, capacity 8349K, committed 8448K, reserved 1048576K
}
Event: 27802.179 GC heap before
{Heap before GC invocations=47 (full 5):
 PSYoungGen      total 500224K, used 390064K [0x00000000d7100000, 0x0000000100000000, 0x0000000100000000)
  eden space 368640K, 100% used [0x00000000d7100000,0x00000000ed900000,0x00000000ed900000)
  from space 131584K, 16% used [0x00000000ed900000,0x00000000eedec348,0x00000000f5980000)
  to   space 170496K, 0% used [0x00000000f5980000,0x00000000f5980000,0x0000000100000000)
 ParOldGen       total 400896K, used 251330K [0x0000000085200000, 0x000000009d980000, 0x00000000d7100000)
  object space 400896K, 62% used [0x0000000085200000,0x0000000094770830,0x000000009d980000)
 Metaspace       used 68569K, capacity 69794K, committed 70360K, reserved 1112064K
  class space    used 7988K, capacity 8349K, committed 8448K, reserved 1048576K
Event: 27802.320 GC heap after
Heap after GC invocations=47 (full 5):
 PSYoungGen      total 453120K, used 130205K [0x00000000d7100000, 0x0000000100000000, 0x0000000100000000)
  eden space 282624K, 0% used [0x00000000d7100000,0x00000000d7100000,0x00000000e8500000)
  from space 170496K, 76% used [0x00000000f5980000,0x00000000fd8a7568,0x0000000100000000)
  to   space 194048K, 0% used [0x00000000e8500000,0x00000000e8500000,0x00000000f4280000)
 ParOldGen       total 400896K, used 251330K [0x0000000085200000, 0x000000009d980000, 0x00000000d7100000)
  object space 400896K, 62% used [0x0000000085200000,0x0000000094770830,0x000000009d980000)
 Metaspace       used 68569K, capacity 69794K, committed 70360K, reserved 1112064K
  class space    used 7988K, capacity 8349K, committed 8448K, reserved 1048576K
}
Event: 27802.950 GC heap before
{Heap before GC invocations=48 (full 5):
 PSYoungGen      total 453120K, used 412829K [0x00000000d7100000, 0x0000000100000000, 0x0000000100000000)
  eden space 282624K, 100% used [0x00000000d7100000,0x00000000e8500000,0x00000000e8500000)
  from space 170496K, 76% used [0x00000000f5980000,0x00000000fd8a7568,0x0000000100000000)
  to   space 194048K, 0% used [0x00000000e8500000,0x00000000e8500000,0x00000000f4280000)
 ParOldGen       total 400896K, used 251330K [0x0000000085200000, 0x000000009d980000, 0x00000000d7100000)
  object space 400896K, 62% used [0x0000000085200000,0x0000000094770830,0x000000009d980000)
 Metaspace       used 68569K, capacity 69794K, committed 70360K, reserved 1112064K
  class space    used 7988K, capacity 8349K, committed 8448K, reserved 1048576K
Event: 27803.101 GC heap after
Heap after GC invocations=48 (full 5):
 PSYoungGen      total 476672K, used 194045K [0x00000000d7100000, 0x0000000100000000, 0x0000000100000000)
  eden space 282624K, 0% used [0x00000000d7100000,0x00000000d7100000,0x00000000e8500000)
  from space 194048K, 99% used [0x00000000e8500000,0x00000000f427f568,0x00000000f4280000)
  to   space 194048K, 0% used [0x00000000f4280000,0x00000000f4280000,0x0000000100000000)
 ParOldGen       total 400896K, used 268434K [0x0000000085200000, 0x000000009d980000, 0x00000000d7100000)
  object space 400896K, 66% used [0x0000000085200000,0x0000000095824830,0x000000009d980000)
 Metaspace       used 68569K, capacity 69794K, committed 70360K, reserved 1112064K
  class space    used 7988K, capacity 8349K, committed 8448K, reserved 1048576K
}
Event: 27803.750 GC heap before
{Heap before GC invocations=49 (full 5):
 PSYoungGen      total 476672K, used 476669K [0x00000000d7100000, 0x0000000100000000, 0x0000000100000000)
  eden space 282624K, 100% used [0x00000000d7100000,0x00000000e8500000,0x00000000e8500000)
  from space 194048K, 99% used [0x00000000e8500000,0x00000000f427f568,0x00000000f4280000)
  to   space 194048K, 0% used [0x00000000f4280000,0x00000000f4280000,0x0000000100000000)
 ParOldGen       total 400896K, used 268434K [0x0000000085200000, 0x000000009d980000, 0x00000000d7100000)
  object space 400896K, 66% used [0x0000000085200000,0x0000000095824830,0x000000009d980000)
 Metaspace       used 68569K, capacity 69794K, committed 70360K, reserved 1112064K
  class space    used 7988K, capacity 8349K, committed 8448K, reserved 1048576K
Event: 27804.024 GC heap after
Heap after GC invocations=49 (full 5):
 PSYoungGen      total 418304K, used 194028K [0x00000000d7100000, 0x0000000100000000, 0x0000000100000000)
  eden space 224256K, 0% used [0x00000000d7100000,0x00000000d7100000,0x00000000e4c00000)
  from space 194048K, 99% used [0x00000000f4280000,0x00000000ffffb010,0x0000000100000000)
  to   space 223232K, 0% used [0x00000000e4c00000,0x00000000e4c00000,0x00000000f2600000)
 ParOldGen       total 400896K, used 349994K [0x0000000085200000, 0x000000009d980000, 0x00000000d7100000)
  object space 400896K, 87% used [0x0000000085200000,0x000000009a7ca830,0x000000009d980000)
 Metaspace       used 68569K, capacity 69794K, committed 70360K, reserved 1112064K
  class space    used 7988K, capacity 8349K, committed 8448K, reserved 1048576K
}
Event: 27804.024 GC heap before
{Heap before GC invocations=50 (full 6):
 PSYoungGen      total 418304K, used 194028K [0x00000000d7100000, 0x0000000100000000, 0x0000000100000000)
  eden space 224256K, 0% used [0x00000000d7100000,0x00000000d7100000,0x00000000e4c00000)
  from space 194048K, 99% used [0x00000000f4280000,0x00000000ffffb010,0x0000000100000000)
  to   space 223232K, 0% used [0x00000000e4c00000,0x00000000e4c00000,0x00000000f2600000)
 ParOldGen       total 400896K, used 349994K [0x0000000085200000, 0x000000009d980000, 0x00000000d7100000)
  object space 400896K, 87% used [0x0000000085200000,0x000000009a7ca830,0x000000009d980000)
 Metaspace       used 68569K, capacity 69794K, committed 70360K, reserved 1112064K
  class space    used 7988K, capacity 8349K, committed 8448K, reserved 1048576K

